C51 COMPILER V9.57.0.0   AD                                                                02/09/2026 14:29:19 PAGE 1   


C51 COMPILER V9.57.0.0, COMPILATION OF MODULE AD
OBJECT MODULE PLACED IN .\Objects\AD.obj
COMPILER INVOKED BY: C:\Keil_v5\C51\BIN\C51.EXE AD.c OPTIMIZE(8,SPEED) BROWSE DEBUG OBJECTEXTEND PRINT(.\Listings\AD.lst
                    -) OBJECT(.\Objects\AD.obj)

line level    source

   1          #include <STC15F2K60S2.H>
   2          #include "iic.h"
   3          //#define ADCW 0x90
   4          //#define ADCR 0x91
   5          
   6          unsigned char AD_readlight(unsigned char adr)
   7          {
   8   1              unsigned char AIN;
   9   1              I2CStart();
  10   1              I2CSendByte(0x90);
  11   1              I2CWaitAck();
  12   1              I2CSendByte(adr);
  13   1              I2CWaitAck();
  14   1              I2CStop();
  15   1              
  16   1              I2CStart();
  17   1              I2CSendByte(0x91);
  18   1              I2CWaitAck();
  19   1              AIN=I2CReceiveByte();
  20   1              I2CSendAck(1);
  21   1              I2CStop();
  22   1      
  23   1              return AIN;
  24   1      }
  25          
  26          


MODULE INFORMATION:   STATIC OVERLAYABLE
   CODE SIZE        =     51    ----
   CONSTANT SIZE    =   ----    ----
   XDATA SIZE       =   ----    ----
   PDATA SIZE       =   ----    ----
   DATA SIZE        =   ----       2
   IDATA SIZE       =   ----    ----
   BIT SIZE         =   ----    ----
END OF MODULE INFORMATION.


C51 COMPILATION COMPLETE.  0 WARNING(S),  0 ERROR(S)
