C51 COMPILER V9.57.0.0   DELAY                                                             02/09/2026 17:53:14 PAGE 1   


C51 COMPILER V9.57.0.0, COMPILATION OF MODULE DELAY
OBJECT MODULE PLACED IN .\Objects\delay.obj
COMPILER INVOKED BY: C:\Keil_v5\C51\BIN\C51.EXE delay.c OPTIMIZE(8,SPEED) BROWSE DEBUG OBJECTEXTEND PRINT(.\Listings\del
                    -ay.lst) OBJECT(.\Objects\delay.obj)

line level    source

   1          #include <STC15F2K60S2.H>
   2          void delay(unsigned int xms)    //@12.000MHz
   3          {
   4   1              unsigned char data i, j;
   5   1              while(xms--)
   6   1              {
   7   2                      i = 12;
   8   2                      j = 169;
   9   2                      do
  10   2                      {
  11   3                              while (--j);
  12   3                      } 
  13   2                      while (--i);
  14   2              }
  15   1              
  16   1      }


MODULE INFORMATION:   STATIC OVERLAYABLE
   CODE SIZE        =     21    ----
   CONSTANT SIZE    =   ----    ----
   XDATA SIZE       =   ----    ----
   PDATA SIZE       =   ----    ----
   DATA SIZE        =   ----    ----
   IDATA SIZE       =   ----    ----
   BIT SIZE         =   ----    ----
END OF MODULE INFORMATION.


C51 COMPILATION COMPLETE.  0 WARNING(S),  0 ERROR(S)
