C51 COMPILER V9.57.0.0   I2C                                                               02/09/2026 12:59:35 PAGE 1   


C51 COMPILER V9.57.0.0, COMPILATION OF MODULE I2C
OBJECT MODULE PLACED IN .\Objects\I2C.obj
COMPILER INVOKED BY: C:\Keil_v5\C51\BIN\C51.EXE I2C.c OPTIMIZE(8,SPEED) BROWSE DEBUG OBJECTEXTEND PRINT(.\Listings\I2C.l
                    -st) OBJECT(.\Objects\I2C.obj)

line level    source

   1          #include <STC15F2K60S2.H>
   2          
   3          sbit I2C_SCL=P2^0;
   4          sbit I2C_SDA=P2^1;
   5          void I2C_start(void)
   6          {
   7   1              I2C_SDA=1;
   8   1              I2C_SCL=1;
   9   1              I2C_SDA=0;
  10   1              I2C_SCL=0;
  11   1      }
  12          
  13          void I2C_stop(void)
  14          {
  15   1              I2C_SDA=0;
  16   1              I2C_SCL=1;
  17   1              I2C_SDA=1;
  18   1      }
  19          
  20          void I2C_sendbyte(unsigned char Byte)
  21          {
  22   1              unsigned char i;
  23   1              for(i=0;i<8;i++)
  24   1              {
  25   2                      I2C_SDA=Byte&(0x80>>i);
  26   2                      I2C_SCL=1;
  27   2                      I2C_SCL=0;
  28   2              }
  29   1              
  30   1      }
  31          
  32          unsigned char I2C_receivebyte(void)
  33          {
  34   1              unsigned char i,Byte=0x00;
  35   1              I2C_SDA=1;
  36   1              for(i=0;i<8;i++)
  37   1              {
  38   2                      I2C_SCL=1;
  39   2                      if(I2C_SDA){Byte|=(0x80>>i);}
  40   2                      I2C_SCL=1;
  41   2              }
  42   1              return Byte;
  43   1      }
  44          
  45          void I2C_sendack(unsigned char ACKbit)
  46          {
  47   1              I2C_SDA=ACKbit;
  48   1              I2C_SCL=1;
  49   1              I2C_SCL=0;
  50   1      }
  51          
  52          unsigned char I2C_receiveack(void)
  53          {
  54   1              unsigned char ACKbit;
C51 COMPILER V9.57.0.0   I2C                                                               02/09/2026 12:59:35 PAGE 2   

  55   1              I2C_SDA=1;
  56   1              I2C_SCL=0;
  57   1              ACKbit=I2C_SDA;
  58   1              I2C_SCL=0;
  59   1              return ACKbit;
  60   1      }


MODULE INFORMATION:   STATIC OVERLAYABLE
   CODE SIZE        =    109    ----
   CONSTANT SIZE    =   ----    ----
   XDATA SIZE       =   ----    ----
   PDATA SIZE       =   ----    ----
   DATA SIZE        =   ----    ----
   IDATA SIZE       =   ----    ----
   BIT SIZE         =   ----    ----
END OF MODULE INFORMATION.


C51 COMPILATION COMPLETE.  0 WARNING(S),  0 ERROR(S)
