C51 COMPILER V9.57.0.0   INIT                                                              02/09/2026 17:53:14 PAGE 1   


C51 COMPILER V9.57.0.0, COMPILATION OF MODULE INIT
OBJECT MODULE PLACED IN .\Objects\init.obj
COMPILER INVOKED BY: C:\Keil_v5\C51\BIN\C51.EXE init.c OPTIMIZE(8,SPEED) BROWSE DEBUG OBJECTEXTEND PRINT(.\Listings\init
                    -.lst) OBJECT(.\Objects\init.obj)

line level    source

   1          
   2          // Header:STC15初始化驱动程序
   3          // File Name: 
   4          // Author:WYC
   5          // Date:2026 1.27
   6          
   7          #include <STC15F2K60S2.H>
   8          void init(void)
   9          {
  10   1      // 关外设（按书里的 Cls_Peripheral 思路写）
  11   1          P0 = 0xFF;
  12   1          P2 = (P2 & 0x1F) | 0x80;   // Y4C（LED锁存）
  13   1          P2 &= 0x1F;
  14   1      
  15   1          P0 = 0x00;
  16   1          P2 = (P2 & 0x1F) | 0xA0;   // Y5C（驱动器锁存）
  17   1          P2 &= 0x1F;
  18   1      }


MODULE INFORMATION:   STATIC OVERLAYABLE
   CODE SIZE        =     29    ----
   CONSTANT SIZE    =   ----    ----
   XDATA SIZE       =   ----    ----
   PDATA SIZE       =   ----    ----
   DATA SIZE        =   ----    ----
   IDATA SIZE       =   ----    ----
   BIT SIZE         =   ----    ----
END OF MODULE INFORMATION.


C51 COMPILATION COMPLETE.  0 WARNING(S),  0 ERROR(S)
