C51 COMPILER V9.57.0.0   KBD                                                               01/29/2026 11:26:44 PAGE 1   


C51 COMPILER V9.57.0.0, COMPILATION OF MODULE KBD
OBJECT MODULE PLACED IN .\Objects\kbd.obj
COMPILER INVOKED BY: C:\Keil_v5\C51\BIN\C51.EXE kbd.c OPTIMIZE(8,SPEED) BROWSE DEBUG OBJECTEXTEND PRINT(.\Listings\kbd.l
                    -st) OBJECT(.\Objects\kbd.obj)

line level    source

   1          #include <STC15F2K60S2.H>
   2          #include "delay.h"
   3          unsigned char keynumber(void)
   4          {
   5   1              unsigned char keynum=0;
   6   1              P44=1;P42=1;P35=1;P34=1;//col 1-4
   7   1              P30=1;P31=1;P32=1;P33=1;//row 1-4
   8   1              
   9   1              P44=0;
  10   1              if(P30==0){delay(20);while(P30==0);delay(20);keynum=7;}
  11   1              if(P31==0){delay(20);while(P31==0);delay(20);keynum=6;}
  12   1              if(P32==0){delay(20);while(P32==0);delay(20);keynum=5;}
  13   1              if(P33==0){delay(20);while(P33==0);delay(20);keynum=4;}
  14   1              
  15   1              P44=1;P42=1;P35=1;P34=1;//col 1-4
  16   1              P30=1;P31=1;P32=1;P33=1;//row 1-4
  17   1              P42=0;
  18   1              if(P30==0){delay(20);while(P30==0);delay(20);keynum=11;}
  19   1              if(P31==0){delay(20);while(P31==0);delay(20);keynum=10;}
  20   1              if(P32==0){delay(20);while(P32==0);delay(20);keynum=9;}
  21   1              if(P33==0){delay(20);while(P33==0);delay(20);keynum=8;}
  22   1              
  23   1              P44=1;P42=1;P35=1;P34=1;//col 1-4
  24   1              P30=1;P31=1;P32=1;P33=1;//row 1-4
  25   1              P35=0;
  26   1              if(P30==0){delay(20);while(P30==0);delay(20);keynum=15;}
  27   1              if(P31==0){delay(20);while(P31==0);delay(20);keynum=14;}
  28   1              if(P32==0){delay(20);while(P32==0);delay(20);keynum=13;}
  29   1              if(P33==0){delay(20);while(P33==0);delay(20);keynum=12;}
  30   1              
  31   1              P44=1;P42=1;P35=1;P34=1;//col 1-4
  32   1              P30=1;P31=1;P32=1;P33=1;//row 1-4
  33   1              P34=0;
  34   1              if(P30==0){delay(20);while(P30==0);delay(20);keynum=19;}
  35   1              if(P31==0){delay(20);while(P31==0);delay(20);keynum=18;}
  36   1              if(P32==0){delay(20);while(P32==0);delay(20);keynum=17;}
  37   1              if(P33==0){delay(20);while(P33==0);delay(20);keynum=16;}
  38   1              
  39   1              return keynum;
  40   1      }


MODULE INFORMATION:   STATIC OVERLAYABLE
   CODE SIZE        =    445    ----
   CONSTANT SIZE    =   ----    ----
   XDATA SIZE       =   ----    ----
   PDATA SIZE       =   ----    ----
   DATA SIZE        =   ----       1
   IDATA SIZE       =   ----    ----
   BIT SIZE         =   ----    ----
END OF MODULE INFORMATION.


C51 COMPILATION COMPLETE.  0 WARNING(S),  0 ERROR(S)
