C51 COMPILER V9.57.0.0   ONE_WIRE                                                          01/28/2026 16:09:09 PAGE 1   


C51 COMPILER V9.57.0.0, COMPILATION OF MODULE ONE_WIRE
OBJECT MODULE PLACED IN .\Objects\one_wire.obj
COMPILER INVOKED BY: C:\Keil_v5\C51\BIN\C51.EXE one_wire.c OPTIMIZE(8,SPEED) BROWSE DEBUG OBJECTEXTEND PRINT(.\Listings\
                    -one_wire.lst) OBJECT(.\Objects\one_wire.obj)

line level    source

   1          #include <STC15F2K60S2.H>
   2          #include <intrins.h> 
   3          sbit onewire_DQ=P1^4;
   4          
   5          void Delayus(unsigned int xus)  //@12.000MHz
   6          {
   7   1              unsigned char tem=xus/5;
   8   1              unsigned char data i;
   9   1              while(tem--)
  10   1              {
  11   2                      _nop_();
  12   2                      _nop_();
  13   2                      i = 12;
  14   2                      while (--i);
  15   2              }
  16   1      
  17   1      }
  18          
  19          unsigned char onewire_init(void)
  20          {
  21   1              unsigned char ackbit;
  22   1              onewire_DQ=1;
  23   1              onewire_DQ=0;
  24   1              Delayus(500);
  25   1              onewire_DQ=1;
  26   1              Delayus(70);
  27   1              ackbit=onewire_DQ;
  28   1              Delayus(500);
  29   1              return ackbit;
  30   1      }
  31          
  32          void onewire_sendbit(unsigned char Bit)
  33          {
  34   1              onewire_DQ=0;
  35   1              Delayus(10);
  36   1              onewire_DQ=Bit;
  37   1              Delayus(50);
  38   1              onewire_DQ=1;
  39   1      }
  40          
  41          unsigned char onewire_receivebit(void)
  42          {
  43   1              unsigned char Bit;
  44   1              onewire_DQ=0;
  45   1              Delayus(5);
  46   1              onewire_DQ=1;
  47   1              Delayus(5);
  48   1              Bit=onewire_DQ;
  49   1              Delayus(50);
  50   1              return Bit;
  51   1      }
  52          
  53          void onewire_sendbyte(unsigned char byte)
  54          {
C51 COMPILER V9.57.0.0   ONE_WIRE                                                          01/28/2026 16:09:09 PAGE 2   

  55   1              unsigned char i;
  56   1              for(i=0;i<8;i++)
  57   1              {
  58   2                      onewire_sendbit(byte&(0x01<<i));
  59   2              }
  60   1      }
  61          
  62          unsigned char onewire_receivebyte(void)
  63          {
  64   1      
  65   1              unsigned char i;
  66   1              unsigned char byte=0x00;
  67   1              for(i=0;i<8;i++)
  68   1              {
  69   2                      if(onewire_receivebit()){byte|=(0x01<<i);}
  70   2              }
  71   1              return byte;
  72   1      }


MODULE INFORMATION:   STATIC OVERLAYABLE
   CODE SIZE        =    170    ----
   CONSTANT SIZE    =   ----    ----
   XDATA SIZE       =   ----    ----
   PDATA SIZE       =   ----    ----
   DATA SIZE        =   ----       2
   IDATA SIZE       =   ----    ----
   BIT SIZE         =   ----    ----
END OF MODULE INFORMATION.


C51 COMPILATION COMPLETE.  0 WARNING(S),  0 ERROR(S)
