C51 COMPILER V9.57.0.0   ONEWIRE                                                           03/07/2026 13:56:47 PAGE 1   


C51 COMPILER V9.57.0.0, COMPILATION OF MODULE ONEWIRE
OBJECT MODULE PLACED IN .\Objects\onewire.obj
COMPILER INVOKED BY: C:\Keil_v5\C51\BIN\C51.EXE onewire.c OPTIMIZE(8,SPEED) BROWSE DEBUG OBJECTEXTEND PRINT(.\Listings\o
                    -newire.lst) OBJECT(.\Objects\onewire.obj)

line level    source

   1          /*      #       еҚ•жҖ»зәҝд»Јз ҒзүҮж®өиҜҙжҳҺ
   2                  1.      жң¬ж–Үд»¶еӨ№дёӯжҸҗдҫӣзҡ„й©ұеҠЁд»Јз ҒдҫӣеҸӮиөӣйҖүжүӢе®ҢжҲҗзЁӢеәҸи®ҫи®ЎеҸӮиҖғгҖӮ
   3                  2.      еҸӮиөӣйҖүжүӢеҸҜд»ҘиҮӘиЎҢзј–еҶҷзӣёе…ід»Јз ҒжҲ–д»ҘиҜҘд»Јз ҒдёәеҹәзЎҖпјҢж №жҚ®жүҖйҖүеҚ•зүҮжңәзұ»еһӢгҖҒиҝ
             -җиЎҢйҖҹеәҰе’ҢиҜ•йўҳ
   4                          дёӯеҜ№еҚ•зүҮжңәж—¶й’ҹйў‘зҺҮзҡ„иҰҒжұӮпјҢиҝӣиЎҢд»Јз Ғи°ғиҜ•е’Ңдҝ®ж”№гҖӮ
   5          */
   6          #include <STC15F2K60S2.H>
   7          
   8          sbit DQ=P1^4;
   9          //
  10          void Delay_OneWire(unsigned int t)  
  11          {
  12   1              unsigned char i;
  13   1              while(t--){
  14   2                      for(i=0;i<12;i++);
  15   2              }
  16   1      }
  17          
  18          //
  19          void Write_DS18B20(unsigned char dat)
  20          {
  21   1              unsigned char i;
  22   1              for(i=0;i<8;i++)
  23   1              {
  24   2                      DQ = 0;
  25   2                      DQ = dat&0x01;
  26   2                      Delay_OneWire(5);
  27   2                      DQ = 1;
  28   2                      dat >>= 1;
  29   2              }
  30   1              Delay_OneWire(5);
  31   1      }
  32          
  33          //
  34          unsigned char Read_DS18B20(void)
  35          {
  36   1              unsigned char i;
  37   1              unsigned char dat;
  38   1        
  39   1              for(i=0;i<8;i++)
  40   1              {
  41   2                      DQ = 0;
  42   2                      dat >>= 1;
  43   2                      DQ = 1;
  44   2                      if(DQ)
  45   2                      {
  46   3                              dat |= 0x80;
  47   3                      }           
  48   2                      Delay_OneWire(5);
  49   2              }
  50   1              return dat;
  51   1      }
  52          
  53          //
C51 COMPILER V9.57.0.0   ONEWIRE                                                           03/07/2026 13:56:47 PAGE 2   

  54          bit init_ds18b20(void)
  55          {
  56   1              bit initflag = 0;
  57   1              
  58   1              DQ = 1;
  59   1              Delay_OneWire(12);
  60   1              DQ = 0;
  61   1              Delay_OneWire(80);
  62   1              DQ = 1;
  63   1              Delay_OneWire(10); 
  64   1          initflag = DQ;     
  65   1              Delay_OneWire(5);
  66   1        
  67   1              return initflag;
  68   1      }


MODULE INFORMATION:   STATIC OVERLAYABLE
   CODE SIZE        =    121    ----
   CONSTANT SIZE    =   ----    ----
   XDATA SIZE       =   ----    ----
   PDATA SIZE       =   ----    ----
   DATA SIZE        =   ----    ----
   IDATA SIZE       =   ----    ----
   BIT SIZE         =   ----       1
END OF MODULE INFORMATION.


C51 COMPILATION COMPLETE.  0 WARNING(S),  0 ERROR(S)
