C51 COMPILER V9.57.0.0   SUPERWAVE                                                         02/12/2026 16:30:13 PAGE 1   


C51 COMPILER V9.57.0.0, COMPILATION OF MODULE SUPERWAVE
OBJECT MODULE PLACED IN .\Objects\superwave.obj
COMPILER INVOKED BY: C:\Keil_v5\C51\BIN\C51.EXE superwave.c OPTIMIZE(8,SPEED) BROWSE DEBUG OBJECTEXTEND PRINT(.\Listings
                    -\superwave.lst) OBJECT(.\Objects\superwave.obj)

line level    source

   1          #include <STC15F2K60S2.H>
   2          #include "intrins.h"
   3          sbit TX=P1^0;
   4          sbit RX=P1^1;
   5          void Delay12us(void)    //@12.000MHz
   6          {
   7   1              unsigned char data i;
   8   1      
   9   1              _nop_();
  10   1              _nop_();
  11   1              i = 33;
  12   1              while (--i);
  13   1      }
  14          
  15          unsigned char superwave_getdistance()
  16          {
  17   1              unsigned int time_dis;
  18   1              unsigned char i;
  19   1              CMOD=0x01;
  20   1              CCON=0x00;
  21   1              CH=0x00;
  22   1              CL=0x00;
  23   1              for(i=0;i<8;i++)
  24   1              {
  25   2                      TX=1;
  26   2                      Delay12us();
  27   2                      TX=0;
  28   2                      Delay12us();
  29   2              }
  30   1              CR=1;
  31   1              while((RX==1)&&(CH<0x40));
  32   1              CR=0;
  33   1              if(CH>=0x40)
  34   1              {
  35   2                      CF=0;
  36   2                      return 0;
  37   2              }
  38   1              else
  39   1              {
  40   2                      time_dis=(CH<<8)|CL;
  41   2                      return (time_dis*0.0172);
  42   2              }
  43   1      
  44   1      }


MODULE INFORMATION:   STATIC OVERLAYABLE
   CODE SIZE        =     87    ----
   CONSTANT SIZE    =   ----    ----
   XDATA SIZE       =   ----    ----
   PDATA SIZE       =   ----    ----
   DATA SIZE        =   ----    ----
   IDATA SIZE       =   ----    ----
   BIT SIZE         =   ----    ----
C51 COMPILER V9.57.0.0   SUPERWAVE                                                         02/12/2026 16:30:13 PAGE 2   

END OF MODULE INFORMATION.


C51 COMPILATION COMPLETE.  0 WARNING(S),  0 ERROR(S)
