C51 COMPILER V9.57.0.0   SYS                                                               06/05/2026 12:02:12 PAGE 1   


C51 COMPILER V9.57.0.0, COMPILATION OF MODULE SYS
OBJECT MODULE PLACED IN .\Objects\sys.obj
COMPILER INVOKED BY: C:\Keil_v5\C51\BIN\C51.EXE sys.c OPTIMIZE(8,SPEED) BROWSE DEBUG OBJECTEXTEND PRINT(.\Listings\sys.l
                    -st) OBJECT(.\Objects\sys.obj)

line level    source

   1          #include <STC15F2K60S2.H>
   2          
   3          sbit row1=P3^0;sbit row2=P3^1;sbit row3=P3^2;sbit row4=P3^3;
   4          sbit col1=P4^4;sbit col2=P4^2;sbit col3=P3^5;
   5          sbit RX=P1^1;sbit TX=P1^0;
   6          
   7          code unsigned char digitaltube_seg[16]={0xC0, 0xF9, 0xA4, 0xB0, 0x99, 0x92, 0x82, 0xF8, 0x80, 0x90, 0x88, 
             -0x83, 0xC6, 0xA1, 0x86, 0x8E};
   8          void latch(unsigned char HC38);
   9          void delay(unsigned int xms);
  10          void init();
  11          
  12          
  13          void latch(unsigned char HC38)
  14          {
  15   1              switch(HC38)
  16   1              {
  17   2                      case 4:P2=(P2&0X1F)|0x80;break;
  18   2                      case 5:P2=(P2&0X1F)|0xA0;break;
  19   2                      case 6:P2=(P2&0X1F)|0xC0;break;
  20   2                      case 7:P2=(P2&0X1F)|0xE0;break;
  21   2              }
  22   1              P2&=0x1F;
  23   1      }
  24          
  25          void delay(unsigned int xms)    //@12.000MHz
  26          {
  27   1              unsigned char data i, j;
  28   1              while(xms--)
  29   1              {
  30   2                      i = 12;
  31   2                      j = 169;
  32   2                      do
  33   2                      {
  34   3                              while (--j);
  35   3                      } while (--i);
  36   2              }
  37   1              
  38   1      }
  39          
  40          void init()
  41          {
  42   1              P0=0xFF;
  43   1              latch(4);
  44   1              
  45   1              P0=0x00;
  46   1              latch(5);
  47   1      }
  48          
  49          void digitaltube_fix(unsigned char tube_position,unsigned char tube_number,bit dp)
  50          {
  51   1              switch(tube_position)
  52   1              {
  53   2                      case 1:P0=0x01;break;
C51 COMPILER V9.57.0.0   SYS                                                               06/05/2026 12:02:12 PAGE 2   

  54   2                      case 2:P0=0x02;break;
  55   2                      case 3:P0=0x04;break;
  56   2                      case 4:P0=0x08;break;
  57   2                      case 5:P0=0x10;break;
  58   2                      case 6:P0=0x20;break;
  59   2                      case 7:P0=0x40;break;
  60   2                      case 8:P0=0x80;break;
  61   2                      default:P0=0x00;break;
  62   2              }
  63   1              latch(6);
  64   1              if(dp)
  65   1              {
  66   2                      P0=digitaltube_seg[tube_number]&0x7F;
  67   2              }
  68   1              else
  69   1              {
  70   2                      P0=digitaltube_seg[tube_number];
  71   2              }
  72   1              latch(7);
  73   1              
  74   1              delay(2);
  75   1              
  76   1              P0=0xFF;
  77   1              latch(7);
  78   1      }
  79          
  80          void digitaltube(unsigned char tube_position,unsigned char tube_number,bit dp)
  81          {
  82   1              switch(tube_position)
  83   1              {
  84   2                      case 1:P0=0x01;break;
  85   2                      case 2:P0=0x02;break;
  86   2                      case 3:P0=0x04;break;
  87   2                      case 4:P0=0x08;break;
  88   2                      case 5:P0=0x10;break;
  89   2                      case 6:P0=0x20;break;
  90   2                      case 7:P0=0x40;break;
  91   2                      case 8:P0=0x80;break;
  92   2                      default:P0=0x00;break;
  93   2              }
  94   1              latch(6);
  95   1              if(dp)
  96   1              {
  97   2                      P0=tube_number&0x7F;
  98   2              }
  99   1              else
 100   1              {
 101   2                      P0=tube_number;
 102   2              }
 103   1              latch(7);
 104   1              
 105   1              delay(2);
 106   1              
 107   1              P0=0xFF;
 108   1              latch(7);
 109   1      }
 110          
 111          unsigned char key_back()
 112          {
 113   1              unsigned char key_number=0;
 114   1              static unsigned char last_keynumber=0;
 115   1              static unsigned char stable_count=0;
C51 COMPILER V9.57.0.0   SYS                                                               06/05/2026 12:02:12 PAGE 3   

 116   1              static bit reported=0;
 117   1              row1=1;row2=1;row3=1;row4=1;
 118   1              col1=1;col2=1;col3=1;
 119   1              row1=0;
 120   1              if(col1==0)key_number=7;
 121   1              else if(col2==0)key_number=11;
 122   1              else if(col3==0)key_number=15;
 123   1              
 124   1              row1=1;row2=1;row3=1;row4=1;
 125   1              col1=1;col2=1;col3=1;
 126   1              row2=0;
 127   1              if(col1==0)key_number=6;
 128   1              else if(col2==0)key_number=10;
 129   1              else if(col3==0)key_number=14;
 130   1              
 131   1              row1=1;row2=1;row3=1;row4=1;
 132   1              col1=1;col2=1;col3=1;
 133   1              row3=0;
 134   1              if(col1==0)key_number=5;
 135   1              else if(col2==0)key_number=9;
 136   1              else if(col3==0)key_number=13;
 137   1              
 138   1              row1=1;row2=1;row3=1;row4=1;
 139   1              col1=1;col2=1;col3=1;
 140   1              row4=0;
 141   1              if(col1==0)key_number=4;
 142   1              else if(col2==0)key_number=8;
 143   1              else if(col3==0)key_number=12;
 144   1              
 145   1              if(key_number==last_keynumber)
 146   1              {
 147   2                      if(stable_count<3)
 148   2                              {
 149   3                                      stable_count++;
 150   3                              }
 151   2              }
 152   1              else
 153   1              {
 154   2                      stable_count=0;
 155   2                      last_keynumber=key_number;
 156   2              }
 157   1              
 158   1              if(stable_count==3)
 159   1              {
 160   2                      if(reported==0 && key_number!=0)
 161   2                      {
 162   3                              reported=1;
 163   3                              return key_number;
 164   3                      }
 165   2                      if(key_number==0)
 166   2                      {
 167   3                              reported=0;
 168   3                      }
 169   2              }
 170   1              return 0;
 171   1      }
 172          
 173          void Delay12us(void)    //@12.000MHz
 174          {
 175   1              unsigned char data i;
 176   1      
 177   1              _nop_();
C51 COMPILER V9.57.0.0   SYS                                                               06/05/2026 12:02:12 PAGE 4   

 178   1              _nop_();
 179   1              i = 33;
 180   1              while (--i);
 181   1      }
 182          
 183          
 184          float get_distance()
 185          {
 186   1              unsigned int time;
 187   1              unsigned i;
 188   1              CMOD=0x01;
 189   1              CCON=0x00;
 190   1              CH=0x00;CL=0x00;
 191   1              CR=1;
 192   1              for(i=0;i<5;i++)
 193   1              {
 194   2                      TX=1;
 195   2                      Delay12us();
 196   2                      TX=0;
 197   2                      Delay12us();
 198   2              }
 199   1              
 200   1              while(RX==1 && CH<0x40);
 201   1              CR=0;
 202   1              if(CH>=0x40)return 0;
 203   1              else
 204   1              {
 205   2                      time=((int)(CH<<8)|CL);
 206   2                      return time*0.017;
 207   2              }
 208   1      }
 209          
 210          void uart_send_byte(unsigned char dat)
 211          {
 212   1              SBUF=dat;
 213   1              while(TI==0);
 214   1              TI=0;
 215   1      }
 216          
 217          void uart_send_string(unsigned char *dat)
 218          {
 219   1              while(*dat!='\0')
 220   1                      uart_send_byte(*dat++);
 221   1      }


MODULE INFORMATION:   STATIC OVERLAYABLE
   CODE SIZE        =    660    ----
   CONSTANT SIZE    =     16    ----
   XDATA SIZE       =   ----    ----
   PDATA SIZE       =   ----    ----
   DATA SIZE        =      2       3
   IDATA SIZE       =   ----    ----
   BIT SIZE         =      1       2
END OF MODULE INFORMATION.


C51 COMPILATION COMPLETE.  0 WARNING(S),  0 ERROR(S)
