C51 COMPILER V9.57.0.0   AT24C02                                                           04/10/2026 20:15:52 PAGE 1   


C51 COMPILER V9.57.0.0, COMPILATION OF MODULE AT24C02
OBJECT MODULE PLACED IN .\Objects\at24c02.obj
COMPILER INVOKED BY: C:\Keil_v5\C51\BIN\C51.EXE at24c02.c OPTIMIZE(8,SPEED) BROWSE DEBUG OBJECTEXTEND PRINT(.\Listings\a
                    -t24c02.lst) OBJECT(.\Objects\at24c02.obj)

line level    source

   1          #include <STC15F2K60S2.H>
   2          #include "iic.h"
   3          #include "delay.h"
   4          void at24c02_write(unsigned char addr,unsigned char num,unsigned char *dat)
   5          {
   6   1              I2CStart();
   7   1              I2CSendByte(0xA0);
   8   1              I2CWaitAck();
   9   1              I2CSendByte(addr);
  10   1              I2CWaitAck();
  11   1              while(num--)
  12   1              {
  13   2                      I2CSendByte(*dat++);
  14   2                      I2CWaitAck();
  15   2              }
  16   1              I2CStop();
  17   1              delay(5);
  18   1      }
  19          
  20          void at24c02_read(unsigned char addr,unsigned char num,unsigned char *dat)
  21          {
  22   1              I2CStart();
  23   1              I2CSendByte(0xA0);
  24   1              I2CWaitAck();
  25   1              I2CSendByte(addr);
  26   1              I2CWaitAck();
  27   1              I2CStop();
  28   1              
  29   1              I2CStart();
  30   1              I2CSendByte(0xA1);
  31   1              I2CWaitAck();
  32   1              while(num--)
  33   1              {
  34   2                      *dat++=I2CReceiveByte();
  35   2                      if(num)I2CSendAck(0);
  36   2                      else I2CSendAck(1);
  37   2              }
  38   1              I2CStop();
  39   1      }


MODULE INFORMATION:   STATIC OVERLAYABLE
   CODE SIZE        =    157    ----
   CONSTANT SIZE    =   ----    ----
   XDATA SIZE       =   ----    ----
   PDATA SIZE       =   ----    ----
   DATA SIZE        =   ----      10
   IDATA SIZE       =   ----    ----
   BIT SIZE         =   ----    ----
END OF MODULE INFORMATION.


C51 COMPILATION COMPLETE.  0 WARNING(S),  0 ERROR(S)
