C51 COMPILER V9.57.0.0   DIGITALTUBE                                                       04/11/2026 19:31:49 PAGE 1   


C51 COMPILER V9.57.0.0, COMPILATION OF MODULE DIGITALTUBE
OBJECT MODULE PLACED IN .\Objects\digitaltube.obj
COMPILER INVOKED BY: C:\Keil_v5\C51\BIN\C51.EXE digitaltube.c OPTIMIZE(8,SPEED) BROWSE DEBUG OBJECTEXTEND PRINT(.\Listin
                    -gs\digitaltube.lst) OBJECT(.\Objects\digitaltube.obj)

line level    source

   1          #include <STC15F2K60S2.H>
   2          #include "latch.h"
   3          #include "delay.h"
   4          code unsigned char digitaltube_seg[16]={0xC0 ,0xF9, 0xA4, 0xB0, 0x99,0x92 ,0x82, 0xF8 ,0x80 ,0x90, 0x88 ,0
             -x83 ,0xC6 ,0xA1, 0x86 ,0x8E};
   5          
   6          void digitaltube_fixed(unsigned char digital_position,unsigned char digital_number)
   7          {
   8   1              switch(digital_position)
   9   1              {
  10   2                      case 1:P0=0x01;break;
  11   2                      case 2:P0=0x02;break;
  12   2                      case 3:P0=0x04;break;
  13   2                      case 4:P0=0x08;break;
  14   2                      case 5:P0=0x10;break;
  15   2                      case 6:P0=0x20;break;
  16   2                      case 7:P0=0x40;break;
  17   2                      case 8:P0=0x80;break;
  18   2              }
  19   1              latch(6);
  20   1              
  21   1              P0=digitaltube_seg[digital_number];
  22   1              latch(7);
  23   1              delay(2);
  24   1              P0=0xFF;
  25   1              latch(7);
  26   1      }
  27          void digitaltube(unsigned char digital_position,unsigned char digital_number)
  28          {
  29   1              switch(digital_position)
  30   1              {
  31   2                      case 1:P0=0x01;break;
  32   2                      case 2:P0=0x02;break;
  33   2                      case 3:P0=0x04;break;
  34   2                      case 4:P0=0x08;break;
  35   2                      case 5:P0=0x10;break;
  36   2                      case 6:P0=0x20;break;
  37   2                      case 7:P0=0x40;break;
  38   2                      case 8:P0=0x80;break;
  39   2              }
  40   1              latch(6);
  41   1              
  42   1              P0=digital_number;
  43   1              latch(7);
  44   1              delay(2);
  45   1              P0=0xFF;
  46   1              latch(7);
  47   1      }
  48          void digitaltube_DP(unsigned char digital_position,unsigned char digital_number)
  49          {
  50   1              switch(digital_position)
  51   1              {
  52   2                      case 1:P0=0x01;break;
  53   2                      case 2:P0=0x02;break;
C51 COMPILER V9.57.0.0   DIGITALTUBE                                                       04/11/2026 19:31:49 PAGE 2   

  54   2                      case 3:P0=0x04;break;
  55   2                      case 4:P0=0x08;break;
  56   2                      case 5:P0=0x10;break;
  57   2                      case 6:P0=0x20;break;
  58   2                      case 7:P0=0x40;break;
  59   2                      case 8:P0=0x80;break;
  60   2              }
  61   1              latch(6);
  62   1              
  63   1              P0=digitaltube_seg[digital_number]&0x7F;
  64   1              latch(7);
  65   1              delay(1);
  66   1              P0=0xFF;
  67   1              latch(7);
  68   1      }


MODULE INFORMATION:   STATIC OVERLAYABLE
   CODE SIZE        =    351    ----
   CONSTANT SIZE    =     16    ----
   XDATA SIZE       =   ----    ----
   PDATA SIZE       =   ----    ----
   DATA SIZE        =   ----       3
   IDATA SIZE       =   ----    ----
   BIT SIZE         =   ----    ----
END OF MODULE INFORMATION.


C51 COMPILATION COMPLETE.  0 WARNING(S),  0 ERROR(S)
