C51 COMPILER V9.57.0.0   DS1302                                                            04/11/2026 19:31:50 PAGE 1   


C51 COMPILER V9.57.0.0, COMPILATION OF MODULE DS1302
OBJECT MODULE PLACED IN .\Objects\ds1302.obj
COMPILER INVOKED BY: C:\Keil_v5\C51\BIN\C51.EXE ds1302.c OPTIMIZE(8,SPEED) BROWSE DEBUG OBJECTEXTEND PRINT(.\Listings\ds
                    -1302.lst) OBJECT(.\Objects\ds1302.obj)

line level    source

   1          /*      #       DS1302д»Јз ҒзүҮж®өиҜҙжҳҺ
   2                  1.      жң¬ж–Үд»¶еӨ№дёӯжҸҗдҫӣзҡ„й©ұеҠЁд»Јз ҒдҫӣеҸӮиөӣйҖүжүӢе®ҢжҲҗзЁӢеәҸи®ҫи®ЎеҸӮиҖғгҖӮ
   3                  2.      еҸӮиөӣйҖүжүӢеҸҜд»ҘиҮӘиЎҢзј–еҶҷзӣёе…ід»Јз ҒжҲ–д»ҘиҜҘд»Јз ҒдёәеҹәзЎҖпјҢж №жҚ®жүҖйҖүеҚ•зүҮжңәзұ»еһӢгҖҒиҝ
             -җиЎҢйҖҹеәҰе’ҢиҜ•йўҳ
   4                          дёӯеҜ№еҚ•зүҮжңәж—¶й’ҹйў‘зҺҮзҡ„иҰҒжұӮпјҢиҝӣиЎҢд»Јз Ғи°ғиҜ•е’Ңдҝ®ж”№гҖӮ
   5          */                                                              
   6          #include <STC15F2K60S2.H>
   7          sbit SCK=P1^7;
   8          sbit SDA=P2^3;
   9          sbit RST=P1^3;
  10          
  11          code unsigned char write_addr[8]={0x80,0x82,0x84,0x86,0x88,0x8A,0x8C,0x8E};
  12          code unsigned char read_addr[8]={0x81,0x83,0x85,0x87,0x89,0x8B,0x8D,0x8F};
  13          unsigned char time_init_fist[3]={0x55,0x55,0x23};
  14          //
  15          void Write_Ds1302(unsigned  char temp) 
  16          {
  17   1              unsigned char i;
  18   1              for (i=0;i<8;i++)       
  19   1              { 
  20   2                      SCK = 0;
  21   2                      SDA = temp&0x01;
  22   2                      temp>>=1; 
  23   2                      SCK=1;
  24   2              }
  25   1      }   
  26          
  27          //
  28          void Write_Ds1302_Byte( unsigned char address,unsigned char dat )     
  29          {
  30   1              RST=0;  _nop_();
  31   1              SCK=0;  _nop_();
  32   1              RST=1;  _nop_();  
  33   1              Write_Ds1302(address);  
  34   1              Write_Ds1302(dat);              
  35   1              RST=0; 
  36   1      }
  37          
  38          //
  39          unsigned char Read_Ds1302_Byte ( unsigned char address )
  40          {
  41   1              unsigned char i,temp=0x00;
  42   1              RST=0;  _nop_();
  43   1              SCK=0;  _nop_();
  44   1              RST=1;  _nop_();
  45   1              Write_Ds1302(address);
  46   1              for (i=0;i<8;i++)       
  47   1              {               
  48   2                      SCK=0;
  49   2                      temp>>=1;       
  50   2                      if(SDA)
  51   2                      temp|=0x80;     
  52   2                      SCK=1;
  53   2              } 
C51 COMPILER V9.57.0.0   DS1302                                                            04/11/2026 19:31:50 PAGE 2   

  54   1              RST=0;  _nop_();
  55   1              SCK=0;  _nop_();
  56   1              SCK=1;  _nop_();
  57   1              SDA=0;  _nop_();
  58   1              SDA=1;  _nop_();
  59   1              return (temp);                  
  60   1      }
  61          
  62          void time_init(unsigned char num,unsigned char *dat)
  63          {
  64   1              unsigned char i;
  65   1              Write_Ds1302_Byte(write_addr[7],0x00);
  66   1              for(i=0;i<num;i++)
  67   1              {
  68   2                      Write_Ds1302_Byte(write_addr[i],*dat++);
  69   2              }
  70   1              Write_Ds1302_Byte(write_addr[7],0x80);
  71   1      }
  72          


MODULE INFORMATION:   STATIC OVERLAYABLE
   CODE SIZE        =    159    ----
   CONSTANT SIZE    =     16    ----
   XDATA SIZE       =   ----    ----
   PDATA SIZE       =   ----    ----
   DATA SIZE        =      3       4
   IDATA SIZE       =   ----    ----
   BIT SIZE         =   ----    ----
END OF MODULE INFORMATION.


C51 COMPILATION COMPLETE.  0 WARNING(S),  0 ERROR(S)
