C51 COMPILER V9.57.0.0   DS18B20                                                           04/11/2026 19:31:50 PAGE 1   


C51 COMPILER V9.57.0.0, COMPILATION OF MODULE DS18B20
OBJECT MODULE PLACED IN .\Objects\ds18b20.obj
COMPILER INVOKED BY: C:\Keil_v5\C51\BIN\C51.EXE ds18b20.c OPTIMIZE(8,SPEED) BROWSE DEBUG OBJECTEXTEND PRINT(.\Listings\d
                    -s18b20.lst) OBJECT(.\Objects\ds18b20.obj)

line level    source

   1          #include <STC15F2K60S2.H>
   2          #include "onewire.h"
   3          
   4          void  Convert_T()
   5          {
   6   1              init_ds18b20();
   7   1              Write_DS18B20(0xCC);
   8   1              Write_DS18B20(0x44);
   9   1      }
  10          
  11           float get_temperature()
  12          {
  13   1               int temp;
  14   1              unsigned char MSB,LSB;
  15   1              init_ds18b20();
  16   1              Write_DS18B20(0xCC);
  17   1              Write_DS18B20(0xBE);
  18   1              LSB=Read_DS18B20();
  19   1              MSB=Read_DS18B20();
  20   1              temp=(((int)MSB<<8)|LSB);
  21   1              if((temp&0x8000)==0x0000)return temp*0.0625;
  22   1              else return (temp-65536)*0.0625;
  23   1      }


MODULE INFORMATION:   STATIC OVERLAYABLE
   CODE SIZE        =     91    ----
   CONSTANT SIZE    =   ----    ----
   XDATA SIZE       =   ----    ----
   PDATA SIZE       =   ----    ----
   DATA SIZE        =   ----       3
   IDATA SIZE       =   ----    ----
   BIT SIZE         =   ----    ----
END OF MODULE INFORMATION.


C51 COMPILATION COMPLETE.  0 WARNING(S),  0 ERROR(S)
