C51 COMPILER V9.57.0.0   INIT                                                              04/09/2026 18:05:24 PAGE 1   


C51 COMPILER V9.57.0.0, COMPILATION OF MODULE INIT
OBJECT MODULE PLACED IN .\Objects\init.obj
COMPILER INVOKED BY: C:\Keil_v5\C51\BIN\C51.EXE init.c OPTIMIZE(8,SPEED) BROWSE DEBUG OBJECTEXTEND PRINT(.\Listings\init
                    -.lst) OBJECT(.\Objects\init.obj)

line level    source

   1          #include <STC15F2K60S2.H>
   2          #include "latch.h"
   3          void init()
   4          {
   5   1              P0=0xFF;
   6   1              latch(4);
   7   1              
   8   1              P0=0x00;
   9   1              latch(5);
  10   1      }


MODULE INFORMATION:   STATIC OVERLAYABLE
   CODE SIZE        =     16    ----
   CONSTANT SIZE    =   ----    ----
   XDATA SIZE       =   ----    ----
   PDATA SIZE       =   ----    ----
   DATA SIZE        =   ----    ----
   IDATA SIZE       =   ----    ----
   BIT SIZE         =   ----    ----
END OF MODULE INFORMATION.


C51 COMPILATION COMPLETE.  0 WARNING(S),  0 ERROR(S)
