C51 COMPILER V9.57.0.0   KBD                                                               04/11/2026 19:31:49 PAGE 1   


C51 COMPILER V9.57.0.0, COMPILATION OF MODULE KBD
OBJECT MODULE PLACED IN .\Objects\kbd.obj
COMPILER INVOKED BY: C:\Keil_v5\C51\BIN\C51.EXE kbd.c OPTIMIZE(8,SPEED) BROWSE DEBUG OBJECTEXTEND PRINT(.\Listings\kbd.l
                    -st) OBJECT(.\Objects\kbd.obj)

line level    source

   1          #include <STC15F2K60S2.H>
   2          sbit row4=P3^3;sbit row3=P3^2;sbit row2=P3^1;sbit row1=P3^0;
   3          sbit col4=P3^4;sbit col3=P3^5;sbit col2=P4^2;sbit col1=P4^4;
   4          
   5          unsigned char key_back()
   6          {
   7   1              unsigned char key_number=0;
   8   1              static bit reported=0;
   9   1              static unsigned char last_keynumber=0;
  10   1              static unsigned char stable_count=0;
  11   1              row4=1;row3=1;row2=1;row1=1;
  12   1              col4=1;col3=1;col2=1;col1=1;
  13   1              col4=0;
  14   1              if(row4==0)key_number=16;
  15   1              else if(row3==0)key_number=17;
  16   1              else if(row2==0)key_number=18;
  17   1              else if(row1==0)key_number=19;
  18   1              
  19   1              row4=1;row3=1;row2=1;row1=1;
  20   1              col4=1;col3=1;col2=1;col1=1;
  21   1              col3=0;
  22   1              if(row4==0)key_number=12;
  23   1              else if(row3==0)key_number=13;
  24   1              else if(row2==0)key_number=14;
  25   1              else if(row1==0)key_number=15;
  26   1              
  27   1              row4=1;row3=1;row2=1;row1=1;
  28   1              col4=1;col3=1;col2=1;col1=1;
  29   1              col2=0;
  30   1              if(row4==0)key_number=8;
  31   1              else if(row3==0)key_number=9;
  32   1              else if(row2==0)key_number=10;
  33   1              else if(row1==0)key_number=11;
  34   1              
  35   1              row4=1;row3=1;row2=1;row1=1;
  36   1              col4=1;col3=1;col2=1;col1=1;
  37   1              col1=0;
  38   1              if(row4==0)key_number=4;
  39   1              else if(row3==0)key_number=5;
  40   1              else if(row2==0)key_number=6;
  41   1              else if(row1==0)key_number=7;
  42   1              
  43   1              if(key_number==last_keynumber)
  44   1              {
  45   2                      if(stable_count<3)
  46   2                      {
  47   3                              stable_count++;
  48   3                      }
  49   2              }
  50   1              else
  51   1              {
  52   2                      stable_count=0;
  53   2                      last_keynumber=key_number;
  54   2              }
C51 COMPILER V9.57.0.0   KBD                                                               04/11/2026 19:31:49 PAGE 2   

  55   1              
  56   1              if(stable_count==3)
  57   1              {
  58   2                      if(reported==0 && key_number!=0)
  59   2                      {
  60   3                              reported=1;
  61   3                              return key_number;
  62   3                      }
  63   2                      if(key_number==0)
  64   2                      {
  65   3                              reported=0;
  66   3                      }
  67   2              }
  68   1              return 0;
  69   1      }


MODULE INFORMATION:   STATIC OVERLAYABLE
   CODE SIZE        =    220    ----
   CONSTANT SIZE    =   ----    ----
   XDATA SIZE       =   ----    ----
   PDATA SIZE       =   ----    ----
   DATA SIZE        =      2    ----
   IDATA SIZE       =   ----    ----
   BIT SIZE         =      1    ----
END OF MODULE INFORMATION.


C51 COMPILATION COMPLETE.  0 WARNING(S),  0 ERROR(S)
