C51 COMPILER V9.57.0.0   SUPERWAVE                                                         04/09/2026 18:05:24 PAGE 1   


C51 COMPILER V9.57.0.0, COMPILATION OF MODULE SUPERWAVE
OBJECT MODULE PLACED IN .\Objects\superwave.obj
COMPILER INVOKED BY: C:\Keil_v5\C51\BIN\C51.EXE superwave.c OPTIMIZE(8,SPEED) BROWSE DEBUG OBJECTEXTEND PRINT(.\Listings
                    -\superwave.lst) OBJECT(.\Objects\superwave.obj)

line level    source

   1          #include <STC15F2K60S2.H>
   2          sbit TX=P1^0;
   3          sbit RX=P1^1;
   4          void Delay12us(void)    //@12.000MHz
   5          {
   6   1              unsigned char data i;
   7   1      
   8   1              _nop_();
   9   1              _nop_();
  10   1              i = 33;
  11   1              while (--i);
  12   1      }
  13          
  14          unsigned int get_distance()
  15          {
  16   1              unsigned int time;
  17   1              unsigned char i;
  18   1              CMOD=0x01;
  19   1              CCON=0x00;
  20   1              CH=0x00;CL=0x00;
  21   1              for(i=0;i<8;i++)
  22   1              {
  23   2                      TX=1;
  24   2                      Delay12us();
  25   2                      TX=0;
  26   2                      Delay12us();
  27   2              }
  28   1              CR=1;
  29   1              while(RX==1 && CH<0x40);
  30   1              if(CH>=0x40)return 0;
  31   1              else
  32   1              {
  33   2                      CR=0;
  34   2                      time=(((int)CH<<8)|CL);
  35   2                      return (int)((time*0.0172)+3.3024);
  36   2              }
  37   1              
  38   1      }


MODULE INFORMATION:   STATIC OVERLAYABLE
   CODE SIZE        =     97    ----
   CONSTANT SIZE    =   ----    ----
   XDATA SIZE       =   ----    ----
   PDATA SIZE       =   ----    ----
   DATA SIZE        =   ----    ----
   IDATA SIZE       =   ----    ----
   BIT SIZE         =   ----    ----
END OF MODULE INFORMATION.


C51 COMPILATION COMPLETE.  0 WARNING(S),  0 ERROR(S)
