C51 COMPILER V9.57.0.0   74HC38                                                            03/22/2026 17:27:02 PAGE 1   


C51 COMPILER V9.57.0.0, COMPILATION OF MODULE 74HC38
OBJECT MODULE PLACED IN .\Objects\74hc38.obj
COMPILER INVOKED BY: C:\Keil_v5\C51\BIN\C51.EXE 74hc38.c OPTIMIZE(8,SPEED) BROWSE DEBUG OBJECTEXTEND PRINT(.\Listings\74
                    -hc38.lst) OBJECT(.\Objects\74hc38.obj)

line level    source

   1          #include <STC15F2K60S2.H>
   2          #define Y4C 0x80
   3          #define Y5C 0xA0
   4          void  latch (unsigned char dat,unsigned char sel)
   5          {
   6   1              P0=dat;
   7   1              P2 = (P2 & 0x1F) | sel;
   8   1              P2&=0x1F;
   9   1      }


MODULE INFORMATION:   STATIC OVERLAYABLE
   CODE SIZE        =     13    ----
   CONSTANT SIZE    =   ----    ----
   XDATA SIZE       =   ----    ----
   PDATA SIZE       =   ----    ----
   DATA SIZE        =   ----    ----
   IDATA SIZE       =   ----    ----
   BIT SIZE         =   ----    ----
END OF MODULE INFORMATION.


C51 COMPILATION COMPLETE.  0 WARNING(S),  0 ERROR(S)
