C51 COMPILER V9.57.0.0   DELAY                                                             03/26/2026 21:45:38 PAGE 1   


C51 COMPILER V9.57.0.0, COMPILATION OF MODULE DELAY
OBJECT MODULE PLACED IN .\Objects\delay.obj
COMPILER INVOKED BY: C:\Keil_v5\C51\BIN\C51.EXE delay.c OPTIMIZE(8,SPEED) BROWSE DEBUG OBJECTEXTEND PRINT(.\Listings\del
                    -ay.lst) OBJECT(.\Objects\delay.obj)

line level    source

   1          #include <STC15F2K60S2.H>
   2          
   3          void delay(unsigned int n)      //@12.000MHz
   4          {
   5   1              unsigned int i;
   6   1              for(i=0;i<n;i++)
   7   1              {
   8   2                      unsigned char data i, j;
   9   2      
  10   2                      i = 12;
  11   2                      j = 169;
  12   2                      do
  13   2                      {
  14   3                      while (--j);
  15   3                      } while (--i);
  16   2              }
  17   1              
  18   1      }


MODULE INFORMATION:   STATIC OVERLAYABLE
   CODE SIZE        =     30    ----
   CONSTANT SIZE    =   ----    ----
   XDATA SIZE       =   ----    ----
   PDATA SIZE       =   ----    ----
   DATA SIZE        =   ----       2
   IDATA SIZE       =   ----    ----
   BIT SIZE         =   ----    ----
END OF MODULE INFORMATION.


C51 COMPILATION COMPLETE.  0 WARNING(S),  0 ERROR(S)
