C51 COMPILER V9.57.0.0   KBD                                                               03/30/2026 18:53:38 PAGE 1   


C51 COMPILER V9.57.0.0, COMPILATION OF MODULE KBD
OBJECT MODULE PLACED IN .\Objects\kbd.obj
COMPILER INVOKED BY: C:\Keil_v5\C51\BIN\C51.EXE kbd.c OPTIMIZE(8,SPEED) BROWSE DEBUG OBJECTEXTEND PRINT(.\Listings\kbd.l
                    -st) OBJECT(.\Objects\kbd.obj)

line level    source

   1          #include <STC15F2K60S2.H>
   2          sbit row1=P3^0;
   3          sbit row2=P3^1;
   4          sbit row3=P3^2;
   5          sbit row4=P3^3;
   6          sbit col1=P4^4;
   7          sbit col2=P4^2;
   8          sbit col3=P3^5;
   9          //sbit col4=P3^4;
  10          
  11          unsigned char kbd_number()
  12          {
  13   1              static unsigned char last_key = 0;     // 上一次“稳定键值”
  14   1          static unsigned char stable_cnt = 0;   // 稳定计数
  15   1              static unsigned char reported = 0;
  16   1          unsigned char key_number=0;
  17   1              
  18   1              row1=1;row2=1;row3=1;row4=1;
  19   1              col1=1;col2=1;col3=1;
  20   1      //      col4=1;
  21   1              col1=0;
  22   1              if(row1==0)key_number=7;
  23   1              else if(row2==0)key_number=6;
  24   1              else if(row3==0)key_number=5;
  25   1              else if(row4==0)key_number=4;
  26   1              
  27   1              
  28   1              row1=1;row2=1;row3=1;row4=1;
  29   1              col1=1;col2=1;col3=1;
  30   1      //      col4=1;
  31   1              col2=0;
  32   1              if(row1==0)key_number=11;
  33   1              else if(row2==0)key_number=10;
  34   1              else if(row3==0)key_number=9;
  35   1              else if(row4==0)key_number=8;
  36   1              
  37   1              row1=1;row2=1;row3=1;row4=1;
  38   1              col1=1;col2=1;col3=1;
  39   1      //      col4=1;
  40   1              col3=0;
  41   1              if(row1==0)key_number=15;
  42   1              else if(row2==0)key_number=14;
  43   1              else if(row3==0)key_number=13;
  44   1              else if(row4==0)key_number=12;
  45   1              
  46   1              
  47   1      //      row1=1;row2=1;row3=1;row4=1;
  48   1      //      col1=1;col2=1;col3=1;
  49   1      //      col4=1;
  50   1      //      col4=0;
  51   1      //      if(row1==0)key_number=19;
  52   1      //      else if(row2==0)key_number=18;
  53   1      //      else if(row3==0)key_number=17;
  54   1      //      else if(row4==0)key_number=16;
C51 COMPILER V9.57.0.0   KBD                                                               03/30/2026 18:53:38 PAGE 2   

  55   1              
  56   1              
  57   1              if(key_number == last_key)
  58   1          {
  59   2              if(stable_cnt < 3) stable_cnt++; // 连续3次一致认为稳定（比如每10ms一次 → 30ms消
             -抖）
  60   2              if(stable_cnt == 3)
  61   2              {
  62   3              // 稳定后只在“从0到非0”的瞬间返回一次
  63   3              
  64   3                  if(last_key != 0 && reported == 0)
  65   3                  {
  66   4                      reported = 1;
  67   4                      return last_key;   // 产生一次“按下事件”
  68   4                  }
  69   3                  if(last_key == 0)
  70   3                  {
  71   4                      reported = 0;      // 松手后允许下一次按下事件
  72   4                  }
  73   3              }
  74   2      
  75   2          }
  76   1          else
  77   1          {
  78   2              stable_cnt = 0;
  79   2              last_key = key_number;
  80   2              return 0;
  81   2          }
  82   1      
  83   1          
  84   1          return 0;
  85   1      }


MODULE INFORMATION:   STATIC OVERLAYABLE
   CODE SIZE        =    180    ----
   CONSTANT SIZE    =   ----    ----
   XDATA SIZE       =   ----    ----
   PDATA SIZE       =   ----    ----
   DATA SIZE        =      3    ----
   IDATA SIZE       =   ----    ----
   BIT SIZE         =   ----    ----
END OF MODULE INFORMATION.


C51 COMPILATION COMPLETE.  0 WARNING(S),  0 ERROR(S)
