C51 COMPILER V9.57.0.0   LATCH                                                             03/30/2026 18:53:39 PAGE 1   


C51 COMPILER V9.57.0.0, COMPILATION OF MODULE LATCH
OBJECT MODULE PLACED IN .\Objects\latch.obj
COMPILER INVOKED BY: C:\Keil_v5\C51\BIN\C51.EXE latch.c OPTIMIZE(8,SPEED) BROWSE DEBUG OBJECTEXTEND PRINT(.\Listings\lat
                    -ch.lst) OBJECT(.\Objects\latch.obj)

line level    source

   1          #include <STC15F2K60S2.H>
   2          
   3          void  latch(unsigned char dat,unsigned char sel)
   4          {
   5   1              P0=dat;
   6   1              P2 = (P2 & 0x1F) | sel;
   7   1              P2&=0x1F;
   8   1      }


MODULE INFORMATION:   STATIC OVERLAYABLE
   CODE SIZE        =     13    ----
   CONSTANT SIZE    =   ----    ----
   XDATA SIZE       =   ----    ----
   PDATA SIZE       =   ----    ----
   DATA SIZE        =   ----    ----
   IDATA SIZE       =   ----    ----
   BIT SIZE         =   ----    ----
END OF MODULE INFORMATION.


C51 COMPILATION COMPLETE.  0 WARNING(S),  0 ERROR(S)
