C51 COMPILER V9.57.0.0   MAIN                                                              03/28/2026 15:26:02 PAGE 1   


C51 COMPILER V9.57.0.0, COMPILATION OF MODULE MAIN
OBJECT MODULE PLACED IN .\Objects\main.obj
COMPILER INVOKED BY: C:\Keil_v5\C51\BIN\C51.EXE main.c OPTIMIZE(8,SPEED) BROWSE DEBUG OBJECTEXTEND PRINT(.\Listings\main
                    -.lst) OBJECT(.\Objects\main.obj)

line level    source

   1          #include <STC15F2K60S2.H>
   2          #include "onewire.h"
   3          #include "iic.h"
   4          #include "ds1302.h"
   5          #include "latch.h"
   6          #include "init.h"
   7          #include "digitaltube.h"
   8          #include "kbd.h"
   9          #define page_freq 0
  10          #define page_para 1
  11          #define page_time 3
  12          #define page_back 4
  13          
  14          #define page_para_p1 0
  15          #define page_para_p2 1
  16          
  17          #define page_back_freq 0
  18          #define page_back_time 1
  19          
  20          
  21          unsigned char page_count=page_freq;
  22          unsigned char page_para_count=page_para_p1;
  23          unsigned char page_back_count=page_back_freq;
  24          
  25          int freq=0;
  26          unsigned int freq_real=0;
  27          unsigned int freq_ex=2000;
  28          int freq_adjust=0;
  29          
  30          unsigned char hour;
  31          unsigned char min;
  32          unsigned char sec;
  33          
  34          unsigned int freq_max=0;
  35          
  36          void read_time()
  37          {
  38   1                      hour=Read_Ds1302_Byte(0x85);
  39   1                      min=Read_Ds1302_Byte(0x83);
  40   1                      sec=Read_Ds1302_Byte(0x81);
  41   1                      hour=hour/16*10+hour%16;
  42   1                      min=min/16*10+min%16;
  43   1                      sec=sec/16*10+sec%16;
  44   1      }
  45          void page_freq_display()
  46          {
  47   1              freq=freq_real+freq_adjust;
  48   1              digitaltube_fixed(1,15);
  49   1              if(freq>=0)
  50   1              {
  51   2                      if(freq/10000!=0)
  52   2                      {
  53   3                              digitaltube_fixed(4,freq/10000);
  54   3                              digitaltube_fixed(5,freq%10000/1000);
C51 COMPILER V9.57.0.0   MAIN                                                              03/28/2026 15:26:02 PAGE 2   

  55   3                              digitaltube_fixed(6,freq%1000/100);
  56   3                              digitaltube_fixed(7,freq%100/10);
  57   3                              digitaltube_fixed(8,freq%10);
  58   3                      }
  59   2                      else if(freq/1000!=0)
  60   2                      {
  61   3                              digitaltube_fixed(5,freq/1000);
  62   3                              digitaltube_fixed(6,freq%1000/100);
  63   3                              digitaltube_fixed(7,freq%100/10);
  64   3                              digitaltube_fixed(8,freq%10);
  65   3                      }
  66   2                      else if(freq/100!=0)
  67   2                      {
  68   3                              digitaltube_fixed(6,freq/100);
  69   3                              digitaltube_fixed(7,freq%100/10);
  70   3                              digitaltube_fixed(8,freq%10);
  71   3                      }
  72   2                      else if(freq/100!=0)
  73   2                      {
  74   3                              digitaltube_fixed(7,freq/10);
  75   3                              digitaltube_fixed(8,freq%10);
  76   3                      }
  77   2                      else if(freq/10!=0)
  78   2                      {
  79   3                              digitaltube_fixed(8,freq/10);
  80   3                      }
  81   2              }
  82   1              else
  83   1              {
  84   2                      digital_tube(7,0xC7);//L
  85   2                      digital_tube(8,0xC7);
  86   2              }
  87   1              
  88   1      }
  89          
  90          void page_para_display()
  91          {
  92   1              digital_tube(1,0x8C);//P
  93   1              if(page_para_count==0)
  94   1              {
  95   2                      digitaltube_fixed(2,1);
  96   2                      digitaltube_fixed(5,freq_ex/1000);
  97   2                      digitaltube_fixed(6,freq_ex%1000/100);
  98   2                      digitaltube_fixed(7,freq_ex%100/10);
  99   2                      digitaltube_fixed(8,freq_ex%10);
 100   2              }
 101   1              else
 102   1              {
 103   2                      digitaltube_fixed(2,2);
 104   2                      if(freq_adjust>0)
 105   2                      {
 106   3                                      digitaltube_fixed(6,freq_adjust/100);
 107   3                                      digitaltube_fixed(7,freq_adjust%100/10);
 108   3                                      digitaltube_fixed(8,freq_adjust%10);
 109   3                              
 110   3                      }
 111   2                      else if(freq_adjust<0)
 112   2                      {
 113   3                              int tem_dat;
 114   3                              tem_dat=0-freq_adjust;
 115   3                              digital_tube(5,0xBF);//-
 116   3                              digitaltube_fixed(6,tem_dat/100);
C51 COMPILER V9.57.0.0   MAIN                                                              03/28/2026 15:26:02 PAGE 3   

 117   3                              digitaltube_fixed(7,tem_dat%100/10);
 118   3                              digitaltube_fixed(8,tem_dat%10);
 119   3                      }
 120   2                      else
 121   2                      {
 122   3                              digitaltube_fixed(8,freq_adjust);
 123   3                      }
 124   2      
 125   2              }
 126   1      }
 127          
 128          
 129          void page_back_display()
 130          {
 131   1              digital_tube(1,0x89);//H
 132   1              if(page_back_count==0)
 133   1              {
 134   2                      digitaltube_fixed(2,15);
 135   2                      if(freq_max/10000!=0)
 136   2                      {
 137   3                              digitaltube_fixed(4,freq_max/10000);
 138   3                              digitaltube_fixed(5,freq_max%10000/1000);
 139   3                              digitaltube_fixed(6,freq_max%1000/100);
 140   3                              digitaltube_fixed(7,freq_max%100/10);
 141   3                              digitaltube_fixed(8,freq_max%10);
 142   3                      }
 143   2                      else if(freq_max/1000!=0)
 144   2                      {
 145   3                              digitaltube_fixed(5,freq_max/1000);
 146   3                              digitaltube_fixed(6,freq_max%1000/100);
 147   3                              digitaltube_fixed(7,freq_max%100/10);
 148   3                              digitaltube_fixed(8,freq_max%10);
 149   3                      }
 150   2                      else if(freq_max/100!=0)
 151   2                      {
 152   3                              digitaltube_fixed(6,freq_max/100);
 153   3                              digitaltube_fixed(7,freq_max%100/10);
 154   3                              digitaltube_fixed(8,freq_max%10);
 155   3                      }
 156   2                      else if(freq_max/100!=0)
 157   2                      {
 158   3                              digitaltube_fixed(7,freq_max/10);
 159   3                              digitaltube_fixed(8,freq_max%10);
 160   3                      }
 161   2                      else if(freq_max/10!=0)
 162   2                      {
 163   3                              digitaltube_fixed(8,freq_max/10);
 164   3                      }
 165   2              }
 166   1              else
 167   1              {
 168   2                      digitaltube_fixed(2,10);
 169   2              }
 170   1      }
 171          void page_time_display()
 172          {
 173   1              digitaltube_fixed(1,hour/10);
 174   1              digitaltube_fixed(2,hour%10);
 175   1              digital_tube(3,0xBF);//-
 176   1              digitaltube_fixed(4,min/10);
 177   1              digitaltube_fixed(5,min%10);
 178   1              digital_tube(6,0xBF);
C51 COMPILER V9.57.0.0   MAIN                                                              03/28/2026 15:26:02 PAGE 4   

 179   1              digitaltube_fixed(7,sec/10);
 180   1              digitaltube_fixed(8,sec%10);
 181   1      }
 182          void main()
 183          {
 184   1              init();
 185   1              DS1302_write();
 186   1              while(1)
 187   1              {
 188   2                      read_time();
 189   2                      page_time_display();
 190   2              }
 191   1      }


MODULE INFORMATION:   STATIC OVERLAYABLE
   CODE SIZE        =    959    ----
   CONSTANT SIZE    =   ----    ----
   XDATA SIZE       =   ----    ----
   PDATA SIZE       =   ----    ----
   DATA SIZE        =     16       2
   IDATA SIZE       =   ----    ----
   BIT SIZE         =   ----    ----
END OF MODULE INFORMATION.


C51 COMPILATION COMPLETE.  0 WARNING(S),  0 ERROR(S)
