C51 COMPILER V9.57.0.0   KBD                                                               04/11/2026 19:24:07 PAGE 1   


C51 COMPILER V9.57.0.0, COMPILATION OF MODULE KBD
OBJECT MODULE PLACED IN .\Objects\kbd.obj
COMPILER INVOKED BY: C:\Keil_v5\C51\BIN\C51.EXE kbd.c OPTIMIZE(8,SPEED) BROWSE DEBUG OBJECTEXTEND PRINT(.\Listings\kbd.l
                    -st) OBJECT(.\Objects\kbd.obj)

line level    source

   1          #include <STC15F2K60S2.H>
   2          sbit row4=P3^3;sbit row3=P3^2;sbit row2=P3^1;sbit row1=P3^0;
   3          sbit col4=P3^4;sbit col3=P3^5;sbit col2=P4^2;sbit col1=P4^4;
   4          unsigned char key_back()
   5          {
   6   1              unsigned char key_number=0;
   7   1              static unsigned char last_key_number=0;
   8   1              static unsigned char stable_count=0;
   9   1              static unsigned char reported=0;
  10   1              row4=1;row3=1;row2=1;row1=1;
  11   1              col4=1;col3=1;col2=1;col1=1;
  12   1              row4=0;
  13   1              if(col4==0)key_number=16;
  14   1              else if(col3==0)key_number=12;
  15   1              else if(col2==0)key_number=8;
  16   1              else if(col1==0)key_number=4;
  17   1              
  18   1              row4=1;row3=1;row2=1;row1=1;
  19   1              col4=1;col3=1;col2=1;col1=1;
  20   1              row3=0;
  21   1              if(col4==0)key_number=17;
  22   1              else if(col3==0)key_number=13;
  23   1              else if(col2==0)key_number=9;
  24   1              else if(col1==0)key_number=5;
  25   1              
  26   1              row4=1;row3=1;row2=1;row1=1;
  27   1              col4=1;col3=1;col2=1;col1=1;
  28   1              row2=0;
  29   1              if(col4==0)key_number=18;
  30   1              else if(col3==0)key_number=14;
  31   1              else if(col2==0)key_number=10;
  32   1              else if(col1==0)key_number=6;
  33   1              
  34   1              row4=1;row3=1;row2=1;row1=1;
  35   1              col4=1;col3=1;col2=1;col1=1;
  36   1              row1=0;
  37   1              if(col4==0)key_number=19;
  38   1              else if(col3==0)key_number=15;
  39   1              else if(col2==0)key_number=11;
  40   1              else if(col1==0)key_number=7;
  41   1              
  42   1              if(key_number==last_key_number)
  43   1              {
  44   2                      if(stable_count<3)stable_count++;
  45   2              }
  46   1              else
  47   1              {
  48   2                      last_key_number=key_number;
  49   2                      stable_count=0;
  50   2              }
  51   1              if(stable_count==3)
  52   1              {
  53   2                      if(key_number!=0 && reported==0)
  54   2                      {
C51 COMPILER V9.57.0.0   KBD                                                               04/11/2026 19:24:07 PAGE 2   

  55   3                              reported=1;
  56   3                              return key_number;
  57   3                      }
  58   2                      if(key_number==0)
  59   2                      {
  60   3                              reported=0;
  61   3                              return 0;
  62   3                      }
  63   2              }
  64   1              return 0;
  65   1      }
  66          unsigned char key_double_back(unsigned char key_id)
  67          {
  68   1              
  69   1              row4=1;row3=1;row2=1;row1=1;
  70   1              col4=1;col3=1;col2=1;col1=1;
  71   1              row4=0;
  72   1              if(col4==0 && key_id==16)return 1;
  73   1              else if(col3==0 && key_id==12)return 1;
  74   1              else if(col2==0 && key_id==8)return 1;
  75   1              else if(col1==0 && key_id==4)return 1;
  76   1              
  77   1              row4=1;row3=1;row2=1;row1=1;
  78   1              col4=1;col3=1;col2=1;col1=1;
  79   1              row3=0;
  80   1              if(col4==0 && key_id==17)return 1;
  81   1              else if(col3==0 && key_id==13)return 1;
  82   1              else if(col2==0 && key_id==9)return 1;
  83   1              else if(col1==0 && key_id==5)return 1;
  84   1              
  85   1              row4=1;row3=1;row2=1;row1=1;
  86   1              col4=1;col3=1;col2=1;col1=1;
  87   1              row2=0;
  88   1              if(col4==0 && key_id==18)return 1;
  89   1              else if(col3==0 && key_id==14)return 1;
  90   1              else if(col2==0 && key_id==10)return 1;
  91   1              else if(col1==0 && key_id==6)return 1;
  92   1              
  93   1              row4=1;row3=1;row2=1;row1=1;
  94   1              col4=1;col3=1;col2=1;col1=1;
  95   1              row1=0;
  96   1              if(col4==0 && key_id==19)return 1;
  97   1              else if(col3==0 && key_id==15)return 1;
  98   1              else if(col2==0 && key_id==11)return 1;
  99   1              else if(col1==0 && key_id==7)return 1;
 100   1              
 101   1              return 0;
 102   1      }


MODULE INFORMATION:   STATIC OVERLAYABLE
   CODE SIZE        =    444    ----
   CONSTANT SIZE    =   ----    ----
   XDATA SIZE       =   ----    ----
   PDATA SIZE       =   ----    ----
   DATA SIZE        =      3    ----
   IDATA SIZE       =   ----    ----
   BIT SIZE         =   ----    ----
END OF MODULE INFORMATION.


C51 COMPILATION COMPLETE.  0 WARNING(S),  0 ERROR(S)
