C51 COMPILER V9.57.0.0   SUPERWAVE                                                         04/11/2026 19:24:08 PAGE 1   


C51 COMPILER V9.57.0.0, COMPILATION OF MODULE SUPERWAVE
OBJECT MODULE PLACED IN .\Objects\superwave.obj
COMPILER INVOKED BY: C:\Keil_v5\C51\BIN\C51.EXE superwave.c OPTIMIZE(8,SPEED) BROWSE DEBUG OBJECTEXTEND PRINT(.\Listings
                    -\superwave.lst) OBJECT(.\Objects\superwave.obj)

line level    source

   1          #include <STC15F2K60S2.H>
   2          #include "intrins.h"
   3          sbit TX=P1^0;
   4          sbit RX=P1^1;
   5          void Delay12us(void)    //@12.000MHz
   6          {
   7   1              unsigned char data i;
   8   1      
   9   1              _nop_();
  10   1              _nop_();
  11   1              i = 33;
  12   1              while (--i);
  13   1      }
  14          
  15          unsigned int get_distance()
  16          {
  17   1              unsigned int time;
  18   1              unsigned char i;
  19   1              CMOD=0x01;
  20   1              CCON=0x00;
  21   1              CH=0x00;CL=0x00;
  22   1              for(i=0;i<5;i++)
  23   1              {
  24   2                      TX=1;
  25   2                      Delay12us();
  26   2                      TX=0;
  27   2                      Delay12us();
  28   2              }
  29   1              CR=1;
  30   1              while((RX==1)&&(CH<0x40));
  31   1              CR=0;
  32   1              if(CH>=0x40)
  33   1              {
  34   2                      return 0;
  35   2              }
  36   1              else
  37   1              {
  38   2                      time=(CH<<8)|CL;
  39   2                      return (time*0.017);
  40   2              }
  41   1              
  42   1      }


MODULE INFORMATION:   STATIC OVERLAYABLE
   CODE SIZE        =     86    ----
   CONSTANT SIZE    =   ----    ----
   XDATA SIZE       =   ----    ----
   PDATA SIZE       =   ----    ----
   DATA SIZE        =   ----    ----
   IDATA SIZE       =   ----    ----
   BIT SIZE         =   ----    ----
END OF MODULE INFORMATION.


C51 COMPILATION COMPLETE.  0 WARNING(S),  0 ERROR(S)
