C51 COMPILER V9.57.0.0   LATCH                                                             04/03/2026 21:48:37 PAGE 1   


C51 COMPILER V9.57.0.0, COMPILATION OF MODULE LATCH
OBJECT MODULE PLACED IN .\Objects\latch.obj
COMPILER INVOKED BY: C:\Keil_v5\C51\BIN\C51.EXE latch.c OPTIMIZE(8,SPEED) BROWSE DEBUG OBJECTEXTEND PRINT(.\Listings\lat
                    -ch.lst) OBJECT(.\Objects\latch.obj)

line level    source

   1          #include <STC15F2K60S2.H>
   2          //#define Y4C 0x80
   3          //#define Y5C 0xA0
   4          //#define Y6C 0xC0
   5          //#define Y7C 0xE0
   6          void latch(unsigned char HC38)
   7          {
   8   1              switch (HC38)
   9   1              {
  10   2                      case 4:P2=(P2&0x1F)|0X80;break;
  11   2                      case 5:P2=(P2&0x1F)|0xA0;break;
  12   2                      case 6:P2=(P2&0x1F)|0XC0;break;
  13   2                      case 7:P2=(P2&0x1F)|0XE0;break;
  14   2              }
  15   1              P2&=0x1F;
  16   1      }


MODULE INFORMATION:   STATIC OVERLAYABLE
   CODE SIZE        =     57    ----
   CONSTANT SIZE    =   ----    ----
   XDATA SIZE       =   ----    ----
   PDATA SIZE       =   ----    ----
   DATA SIZE        =   ----    ----
   IDATA SIZE       =   ----    ----
   BIT SIZE         =   ----    ----
END OF MODULE INFORMATION.


C51 COMPILATION COMPLETE.  0 WARNING(S),  0 ERROR(S)
