C51 COMPILER V9.57.0.0   MAIN                                                              04/02/2026 21:34:07 PAGE 1   


C51 COMPILER V9.57.0.0, COMPILATION OF MODULE MAIN
OBJECT MODULE PLACED IN .\Objects\main.obj
COMPILER INVOKED BY: C:\Keil_v5\C51\BIN\C51.EXE main.c OPTIMIZE(8,SPEED) BROWSE DEBUG OBJECTEXTEND PRINT(.\Listings\main
                    -.lst) OBJECT(.\Objects\main.obj)

line level    source

   1          #include <STC15F2K60S2.H>
   2          #include "latch.h"
   3          #include "init.h"
   4          #include "digitaltube.h"
   5          #include "kbd.h"
   6          #include "ds1302.h"
   7          #include "iic.h"
   8          #include "onewire.h"
   9          #include "delay.h"
  10          #include "ds18b20.h"
  11          #include "superwave.h"
  12          unsigned int dis,i;
  13          
  14          void main()
  15          {
  16   1              init();
  17   1              
  18   1              while(1)
  19   1              {
  20   2                      dis=get_distance();
  21   2                      for(i=0;i<200;i++)
  22   2                      {
  23   3                              digitaltube_fixed(1,dis/100);
  24   3                              digitaltube_fixed(2,dis%100/10);
  25   3                              digitaltube_fixed(3,dis%10);
  26   3                      }
  27   2                      
  28   2              }
  29   1      }


MODULE INFORMATION:   STATIC OVERLAYABLE
   CODE SIZE        =     99    ----
   CONSTANT SIZE    =   ----    ----
   XDATA SIZE       =   ----    ----
   PDATA SIZE       =   ----    ----
   DATA SIZE        =      4    ----
   IDATA SIZE       =   ----    ----
   BIT SIZE         =   ----    ----
END OF MODULE INFORMATION.


C51 COMPILATION COMPLETE.  0 WARNING(S),  0 ERROR(S)
