C51 COMPILER V9.57.0.0   IIC                                                               04/09/2026 14:00:49 PAGE 1   


C51 COMPILER V9.57.0.0, COMPILATION OF MODULE IIC
OBJECT MODULE PLACED IN .\Objects\iic.obj
COMPILER INVOKED BY: C:\Keil_v5\C51\BIN\C51.EXE iic.c OPTIMIZE(8,SPEED) BROWSE DEBUG OBJECTEXTEND PRINT(.\Listings\iic.l
                    -st) OBJECT(.\Objects\iic.obj)

line level    source

   1          /*      #   I2Cõ╗ŻńĀüńēćµ«ĄĶ»┤µśÄ
   2                  1.      µ£¼µ¢ćõ╗ČÕż╣õĖŁµÅÉõŠøńÜäķ®▒ÕŖ©õ╗ŻńĀüõŠøÕÅéĶĄøķĆēµēŗÕ«īµłÉń©ŗÕ║ÅĶ«ŠĶ«ĪÕÅéĶĆāŃĆé
   3                  2.      ÕÅéĶĄøķĆēµēŗÕÅ»õ╗źĶć¬ĶĪīń╝¢ÕåÖńøĖÕģ│õ╗ŻńĀüµł¢õ╗źĶ»źõ╗ŻńĀüõĖ║Õ¤║ńĪĆ’╝īµĀ╣µŹ«µēĆķĆēÕŹĢńēćµ£║ń▒╗Õ×ŗŃĆüĶ┐
             -ÉĶĪīķĆ¤Õ║”ÕÆīĶ»Ģķóś
   4                          õĖŁÕ»╣ÕŹĢńēćµ£║µŚČķÆ¤ķóæńÄćńÜäĶ”üµ▒é’╝īĶ┐øĶĪīõ╗ŻńĀüĶ░āĶ»ĢÕÆīõ┐«µö╣ŃĆé
   5          */
   6          
   7          #include <STC15F2K60S2.H>
   8          #include "intrins.h"
   9          #define DELAY_TIME      5
  10          sbit scl=P2^0;
  11          sbit sda=P2^1;
  12          
  13          //
  14          static void I2C_Delay(unsigned char n)
  15          {
  16   1          do
  17   1          {
  18   2              _nop_();_nop_();_nop_();_nop_();_nop_();
  19   2              _nop_();_nop_();_nop_();_nop_();_nop_();
  20   2              _nop_();_nop_();_nop_();_nop_();_nop_();                
  21   2          }
  22   1          while(n--);         
  23   1      }
  24          
  25          //
  26          void I2CStart(void)
  27          {
  28   1          sda = 1;
  29   1          scl = 1;
  30   1              I2C_Delay(DELAY_TIME);
  31   1          sda = 0;
  32   1              I2C_Delay(DELAY_TIME);
  33   1          scl = 0;    
  34   1      }
  35          
  36          //
  37          void I2CStop(void)
  38          {
  39   1          sda = 0;
  40   1          scl = 1;
  41   1              I2C_Delay(DELAY_TIME);
  42   1          sda = 1;
  43   1              I2C_Delay(DELAY_TIME);
  44   1      }
  45          
  46          //
  47          void I2CSendByte(unsigned char byt)
  48          {
  49   1          unsigned char i;
  50   1              
  51   1          for(i=0; i<8; i++){
  52   2              scl = 0;
  53   2                      I2C_Delay(DELAY_TIME);
C51 COMPILER V9.57.0.0   IIC                                                               04/09/2026 14:00:49 PAGE 2   

  54   2              if(byt & 0x80){
  55   3                  sda = 1;
  56   3              }
  57   2              else{
  58   3                  sda = 0;
  59   3              }
  60   2                      I2C_Delay(DELAY_TIME);
  61   2              scl = 1;
  62   2              byt <<= 1;
  63   2                      I2C_Delay(DELAY_TIME);
  64   2          }
  65   1              
  66   1          scl = 0;  
  67   1      }
  68          
  69          //
  70          unsigned char I2CReceiveByte(void)
  71          {
  72   1              unsigned char da;
  73   1              unsigned char i;
  74   1              for(i=0;i<8;i++){   
  75   2                      scl = 1;
  76   2                      I2C_Delay(DELAY_TIME);
  77   2                      da <<= 1;
  78   2                      if(sda) 
  79   2                              da |= 0x01;
  80   2                      scl = 0;
  81   2                      I2C_Delay(DELAY_TIME);
  82   2              }
  83   1              return da;    
  84   1      }
  85          
  86          //
  87          unsigned char I2CWaitAck(void)
  88          {
  89   1              unsigned char ackbit;
  90   1              
  91   1          scl = 1;
  92   1              I2C_Delay(DELAY_TIME);
  93   1          ackbit = sda; 
  94   1          scl = 0;
  95   1              I2C_Delay(DELAY_TIME);
  96   1              
  97   1              return ackbit;
  98   1      }
  99          
 100          //
 101          void I2CSendAck(unsigned char ackbit)
 102          {
 103   1          scl = 0;
 104   1          sda = ackbit; 
 105   1              I2C_Delay(DELAY_TIME);
 106   1          scl = 1;
 107   1              I2C_Delay(DELAY_TIME);
 108   1          scl = 0; 
 109   1              sda = 1;
 110   1              I2C_Delay(DELAY_TIME);
 111   1      }
 112          


MODULE INFORMATION:   STATIC OVERLAYABLE
C51 COMPILER V9.57.0.0   IIC                                                               04/09/2026 14:00:49 PAGE 3   

   CODE SIZE        =    168    ----
   CONSTANT SIZE    =   ----    ----
   XDATA SIZE       =   ----    ----
   PDATA SIZE       =   ----    ----
   DATA SIZE        =   ----    ----
   IDATA SIZE       =   ----    ----
   BIT SIZE         =   ----    ----
END OF MODULE INFORMATION.


C51 COMPILATION COMPLETE.  0 WARNING(S),  0 ERROR(S)
