C51 COMPILER V9.57.0.0   LATCH                                                             04/09/2026 14:00:49 PAGE 1   


C51 COMPILER V9.57.0.0, COMPILATION OF MODULE LATCH
OBJECT MODULE PLACED IN .\Objects\latch.obj
COMPILER INVOKED BY: C:\Keil_v5\C51\BIN\C51.EXE latch.c OPTIMIZE(8,SPEED) BROWSE DEBUG OBJECTEXTEND PRINT(.\Listings\lat
                    -ch.lst) OBJECT(.\Objects\latch.obj)

line level    source

   1          #include <STC15F2K60S2.H>
   2          void latch(unsigned char hc38_num)
   3          {
   4   1              switch(hc38_num)
   5   1              {
   6   2                      case 4:P2 =(P2&0x1F)|0x80;break;
   7   2                      case 5:P2 =(P2&0x1F)|0xA0;break;
   8   2                      case 6:P2 =(P2&0x1F)|0xC0;break;
   9   2                      case 7:P2 =(P2&0x1F)|0xE0;break;
  10   2              }
  11   1              P2&=0x1F;
  12   1      }


MODULE INFORMATION:   STATIC OVERLAYABLE
   CODE SIZE        =     57    ----
   CONSTANT SIZE    =   ----    ----
   XDATA SIZE       =   ----    ----
   PDATA SIZE       =   ----    ----
   DATA SIZE        =   ----    ----
   IDATA SIZE       =   ----    ----
   BIT SIZE         =   ----    ----
END OF MODULE INFORMATION.


C51 COMPILATION COMPLETE.  0 WARNING(S),  0 ERROR(S)
