C51 COMPILER V9.57.0.0   UART                                                              04/09/2026 14:00:48 PAGE 1   


C51 COMPILER V9.57.0.0, COMPILATION OF MODULE UART
OBJECT MODULE PLACED IN .\Objects\uart.obj
COMPILER INVOKED BY: C:\Keil_v5\C51\BIN\C51.EXE uart.c OPTIMIZE(8,SPEED) BROWSE DEBUG OBJECTEXTEND PRINT(.\Listings\uart
                    -.lst) OBJECT(.\Objects\uart.obj)

line level    source

   1          #include <STC15F2K60S2.H>
   2          
   3          unsigned char UART_RxData;
   4          unsigned char UART_RxFlag;
   5          
   6          void Uart1_Isr(void) interrupt 4
   7          {
   8   1              if (RI)                         //检测串口1接收中断
   9   1              {
  10   2                      RI = 0;                 //清除串口1接收中断请求位
  11   2                      UART_RxData = SBUF;
  12   2                      UART_RxFlag = 1;
  13   2              }
  14   1      }
  15          
  16          void Uart1_Init(void)   //4800bps@12.000MHz
  17          {
  18   1              SCON = 0x50;            //8位数据,可变波特率
  19   1              AUXR &= 0xBF;           //定时器时钟12T模式
  20   1              AUXR &= 0xFE;           //串口1选择定时器1为波特率发生器
  21   1              TMOD &= 0x0F;           //设置定时器模式
  22   1              TL1 = 0xCC;                     //设置定时初始值
  23   1              TH1 = 0xFF;                     //设置定时初始值
  24   1              ET1 = 0;                        //禁止定时器中断
  25   1              TR1 = 1;                        //定时器1开始计时
  26   1              ES = 1;                         //使能串口1中断
  27   1              EA=1;
  28   1      }
  29          void UART_SendByte(unsigned char Byte)
  30          {
  31   1              SBUF=Byte;
  32   1              while(TI==0);
  33   1              TI=0;
  34   1      }
  35          
  36          void UART_SendString(unsigned char *str)
  37          {
  38   1              while(*str)
  39   1              {
  40   2                      UART_SendByte(*str++);
  41   2              }
  42   1      }
  43          unsigned char UART_GetRxFlag(void)
  44          {
  45   1              if (UART_RxFlag == 1)
  46   1              {
  47   2                      UART_RxFlag = 0;
  48   2                      return 1;
  49   2              }
  50   1              return 0;
  51   1      }


MODULE INFORMATION:   STATIC OVERLAYABLE
C51 COMPILER V9.57.0.0   UART                                                              04/09/2026 14:00:48 PAGE 2   

   CODE SIZE        =     98    ----
   CONSTANT SIZE    =   ----    ----
   XDATA SIZE       =   ----    ----
   PDATA SIZE       =   ----    ----
   DATA SIZE        =      2       3
   IDATA SIZE       =   ----    ----
   BIT SIZE         =   ----    ----
END OF MODULE INFORMATION.


C51 COMPILATION COMPLETE.  0 WARNING(S),  0 ERROR(S)
